<?xml version="1.0" encoding="UTF-8"?>
<!-- Generated by org.testng.reporters.JUnitReportReporter -->
<testsuite hostname="DESKTOP-4OS8EDF" failures="0" tests="1" name="datadriventesting.LoginAppPropertyFile" time="12.336" errors="0" timestamp="2023-07-17T20:18:00 IST" skipped="0">
  <testcase classname="datadriventesting.LoginAppPropertyFile" name="LoginToApplication" time="12.336"/>
</testsuite> <!-- datadriventesting.LoginAppPropertyFile -->
