<?xml version="1.0" encoding="UTF-8"?>
<!-- Generated by org.testng.reporters.JUnitReportReporter -->
<testsuite hostname="DESKTOP-4OS8EDF" failures="0" tests="1" name="com.actitime.testscript.DemoTestNG" time="0.004" errors="0" timestamp="2023-07-12T07:51:47 IST" skipped="0">
  <testcase classname="com.actitime.testscript.DemoTestNG" name="demotest" time="0.004">
    <system-out>
      <![CDATA[welcome to testing]]>
    </system-out>
  </testcase> <!-- demotest -->
  <system-out>
    <![CDATA[openbrowser
login
createProject
logout
login
deleteProject
logout
login
modifyProject
logout
login
createCustomer
logout
login
deleteCustomer
logout
login
modifyCustomer
logout
welcome to testing
login
createTask
logout
login
deleteTask
logout
login
modifyTask
logout
closebrowser]]>
  </system-out>
</testsuite> <!-- com.actitime.testscript.DemoTestNG -->
