<?xml version="1.0" encoding="UTF-8"?>
<!-- Generated by org.testng.reporters.JUnitReportReporter -->
<testsuite hostname="DESKTOP-4OS8EDF" failures="0" tests="1" name="Demo.DemoScreenShot" time="9.262" errors="0" timestamp="2023-07-12T16:01:25 IST" skipped="0">
  <testcase classname="Demo.DemoScreenShot" name="testscreenshot" time="9.262"/>
</testsuite> <!-- Demo.DemoScreenShot -->
