<?xml version="1.0" encoding="UTF-8"?>
<!-- Generated by org.testng.reporters.JUnitReportReporter -->
<testsuite hostname="DESKTOP-4OS8EDF" failures="0" tests="3" name="com.actitime.testscript.TaskModule" time="0.023" errors="0" timestamp="2023-07-12T08:48:31 IST" skipped="0">
  <testcase classname="com.actitime.testscript.TaskModule" name="modifyTask" time="0.007">
    <system-out>
      <![CDATA[modifyTask]]>
    </system-out>
  </testcase> <!-- modifyTask -->
  <testcase classname="com.actitime.testscript.TaskModule" name="deleteTask" time="0.005">
    <system-out>
      <![CDATA[deleteTask]]>
    </system-out>
  </testcase> <!-- deleteTask -->
  <testcase classname="com.actitime.testscript.TaskModule" name="createTask" time="0.011">
    <system-out>
      <![CDATA[createTask]]>
    </system-out>
  </testcase> <!-- createTask -->
  <system-out>
    <![CDATA[openbrowser
login
createProject
logout
login
deleteProject
logout
login
modifyProject
logout
login
createCustomer
logout
login
deleteCustomer
logout
login
modifyCustomer
logout
login
createTask
logout
login
deleteTask
logout
login
modifyTask
logout
closebrowser]]>
  </system-out>
</testsuite> <!-- com.actitime.testscript.TaskModule -->
