<?xml version="1.0" encoding="UTF-8"?>
<!-- Generated by org.testng.reporters.JUnitReportReporter -->
<testsuite hostname="DESKTOP-4OS8EDF" failures="0" tests="3" name="com.actitime.testscript.ProjectModule" time="0.039" errors="0" timestamp="2023-07-12T08:48:31 IST" skipped="0">
  <testcase classname="com.actitime.testscript.ProjectModule" name="deleteProject" time="0.008">
    <system-out>
      <![CDATA[deleteProject]]>
    </system-out>
  </testcase> <!-- deleteProject -->
  <testcase classname="com.actitime.testscript.ProjectModule" name="modifyProject" time="0.011">
    <system-out>
      <![CDATA[modifyProject]]>
    </system-out>
  </testcase> <!-- modifyProject -->
  <testcase classname="com.actitime.testscript.ProjectModule" name="createProject" time="0.020">
    <system-out>
      <![CDATA[createProject]]>
    </system-out>
  </testcase> <!-- createProject -->
  <system-out>
    <![CDATA[openbrowser
login
createProject
logout
login
deleteProject
logout
login
modifyProject
logout
login
createCustomer
logout
login
deleteCustomer
logout
login
modifyCustomer
logout
login
createTask
logout
login
deleteTask
logout
login
modifyTask
logout
closebrowser]]>
  </system-out>
</testsuite> <!-- com.actitime.testscript.ProjectModule -->
