<?xml version="1.0" encoding="UTF-8"?>
<!-- Generated by org.testng.reporters.JUnitReportReporter -->
<testsuite hostname="DESKTOP-4OS8EDF" failures="0" tests="1" name="com.actitime.testscript.CustomerModule" time="16.191" errors="0" timestamp="2023-07-23T11:46:38 IST" skipped="0">
  <testcase classname="com.actitime.testscript.CustomerModule" name="testcreatecustomer" time="16.191">
    <system-out>
      <![CDATA[createcustomer]]>
    </system-out>
  </testcase> <!-- testcreatecustomer -->
  <system-out>
    <![CDATA[openbrowser
login
createcustomer
logout
closebrowser]]>
  </system-out>
</testsuite> <!-- com.actitime.testscript.CustomerModule -->
